<?xml version="1.0" encoding="utf-8"?><testsuites name="pytest tests"><testsuite name="pytest" errors="0" failures="0" skipped="0" tests="134" time="0.641" timestamp="2026-08-29T01:45:34.678267+08:00" hostname="wxy"><testcase classname="tests.test_archive_cli_contract.TestMigrateImportsExactlyThreeArchiveFunctions" name="test_migrate_imports_only_the_four_frozen_names" time="0.003" /><testcase classname="tests.test_archive_cli_contract.TestMigrateImportsExactlyThreeArchiveFunctions" name="test_migrate_does_not_import_archive_attention" time="0.002" /><testcase classname="tests.test_archive_cli_contract.TestMigrateArchiveCallShape" name="test_all_month_variant_calls_each_archive_once_with_none" time="0.007" /><testcase classname="tests.test_archive_cli_contract.TestMigrateArchiveCallShape" name="test_specified_month_is_normalised_before_dispatch" time="0.006" /><testcase classname="tests.test_archive_cli_contract.TestMigrateArchiveCallShape" name="test_yyyymm_direct_form_is_accepted" time="0.007" /><testcase classname="tests.test_archive_cli_contract.TestMigrateArchiveCallShape" name="test_invalid_month_raises_system_exit" time="0.007" /><testcase classname="tests.test_archive_cli_contract.TestMigrateArchiveCallShape" name="test_current_month_target_short_circuits_each_archive_to_zero" time="0.006" /><testcase classname="tests.test_archive_cli_contract.TestArchiveFunctionsSkipCurrentMonth" name="test_archive_super_chat_log_returns_zero_for_current_month" time="0.001" /><testcase classname="tests.test_archive_cli_contract.TestArchiveFunctionsSkipCurrentMonth" name="test_archive_live_session_returns_zero_for_current_month" time="0.000" /><testcase classname="tests.test_archive_cli_contract.TestArchiveFunctionsSkipCurrentMonth" name="test_archive_room_live_stats_returns_zero_for_current_month" time="0.000" /><testcase classname="tests.test_archive_cli_contract.TestArchiveFunctionsSkipCurrentMonth" name="test_archive_attention_returns_zero_for_current_month" time="0.000" /><testcase classname="tests.test_archive_cli_contract.TestArchiveFunctionsSkipCurrentMonth" name="test_archive_super_chat_log_returns_zero_for_malformed_month" time="0.000" /><testcase classname="tests.test_archive_cli_contract.TestArchiveFunctionsSkipCurrentMonth" name="test_archive_live_session_returns_zero_for_malformed_month" time="0.000" /><testcase classname="tests.test_archive_cli_contract.TestArchiveFunctionsSkipCurrentMonth" name="test_archive_room_live_stats_returns_zero_for_malformed_month" time="0.001" /><testcase classname="tests.test_archive_cli_contract.TestArchiveFunctionsSkipCurrentMonth" name="test_archive_attention_returns_zero_for_malformed_month" time="0.000" /><testcase classname="tests.test_import_contract.TestImportTimeConstants" name="test_common_notice_gift_coin_map_is_frozen" time="0.000" /><testcase classname="tests.test_import_contract.TestImportTimeConstants" name="test_attention_daily_room_sleep_seconds_from_env" time="0.000" /><testcase classname="tests.test_import_contract.TestImportTimeConstants" name="test_app_host_and_port_from_env" time="0.000" /><testcase classname="tests.test_import_contract.TestImportTimeConstants" name="test_api_secret_from_env" time="0.000" /><testcase classname="tests.test_import_contract.TestImportTimeConstants" name="test_db_config_from_env" time="0.000" /><testcase classname="tests.test_import_contract.TestImportTimeConstants" name="test_smtp_and_email_placeholders_are_empty_under_test" time="0.000" /><testcase classname="tests.test_import_contract.TestImportTimeConstants" name="test_bili_cookies_base_shape" time="0.000" /><testcase classname="tests.test_import_contract.TestImportTimeConstants" name="test_bili_ticket_constants_frozen" time="0.000" /><testcase classname="tests.test_import_contract.TestImportTimeConstants" name="test_rooms_json_path_env_binding" time="0.000" /><testcase classname="tests.test_import_contract.TestImportTimeConstants" name="test_module_level_singletons_are_initialised" time="0.000" /><testcase classname="tests.test_import_contract.TestImportTimeConstants" name="test_reconnect_daily_state_shape" time="0.000" /><testcase classname="tests.test_import_contract.TestImportTimeConstants" name="test_cookie_alert_sent_starts_false" time="0.000" /><testcase classname="tests.test_import_contract.TestImportSideEffects" name="test_metadata_create_all_was_called_once" time="0.000" /><testcase classname="tests.test_import_contract.TestImportSideEffects" name="test_metadata_create_all_targets_the_seven_frozen_tables" time="0.000" /><testcase classname="tests.test_import_contract.TestImportSideEffects" name="test_rooms_config_was_loaded_from_test_fixture" time="0.000" /><testcase classname="tests.test_import_contract.TestImportSideEffects" name="test_room_config_lock_is_a_threading_lock" time="0.000" /><testcase classname="tests.test_import_contract.TestImportSideEffects" name="test_fastapi_app_disables_public_docs_endpoints" time="0.000" /><testcase classname="tests.test_import_contract.TestImportSideEffects" name="test_registered_routes_include_the_seven_frozen_paths" time="0.000" /><testcase classname="tests.test_import_contract.TestPublicSymbolsForArchiveCli" name="test_archive_super_chat_log_is_importable" time="0.000" /><testcase classname="tests.test_import_contract.TestPublicSymbolsForArchiveCli" name="test_archive_live_session_is_importable" time="0.000" /><testcase classname="tests.test_import_contract.TestPublicSymbolsForArchiveCli" name="test_archive_room_live_stats_is_importable" time="0.000" /><testcase classname="tests.test_import_contract.TestPublicSymbolsForArchiveCli" name="test_normalize_month_code_is_importable" time="0.000" /><testcase classname="tests.test_import_contract.TestPublicSymbolsForArchiveCli" name="test_archive_attention_stays_module_private_to_scheduler" time="0.000" /><testcase classname="tests.test_rooms_json_contract.TestRoomsJsonRoundTrip" name="test_save_produces_frozen_top_level_keys" time="0.001" /><testcase classname="tests.test_rooms_json_contract.TestRoomsJsonRoundTrip" name="test_save_sorts_and_deduplicates_room_ids" time="0.001" /><testcase classname="tests.test_rooms_json_contract.TestRoomsJsonRoundTrip" name="test_save_encodes_anchor_keys_as_strings" time="0.001" /><testcase classname="tests.test_rooms_json_contract.TestRoomsJsonRoundTrip" name="test_save_preserves_non_ascii_anchor_names" time="0.001" /><testcase classname="tests.test_rooms_json_contract.TestRoomsJsonRoundTrip" name="test_load_populates_normalized_int_keys_in_room_anchors" time="0.001" /><testcase classname="tests.test_rooms_json_contract.TestRoomsJsonRoundTrip" name="test_load_fills_missing_anchor_with_empty_string" time="0.001" /><testcase classname="tests.test_rooms_json_contract.TestRoomsJsonRoundTrip" name="test_load_skips_non_integer_room_ids" time="0.001" /><testcase classname="tests.test_rooms_json_contract.TestRoomsJsonRoundTrip" name="test_load_treats_malformed_top_level_types_as_no_op" time="0.001" /><testcase classname="tests.test_rooms_json_contract.TestRoomsJsonRoundTrip" name="test_load_treats_malformed_anchors_as_no_op" time="0.001" /><testcase classname="tests.test_rooms_json_contract.TestRoomsJsonRoundTrip" name="test_missing_file_is_silently_ignored" time="0.001" /><testcase classname="tests.test_rooms_json_contract.TestRoomsJsonRoundTrip" name="test_round_trip_preserves_data_end_to_end" time="0.001" /><testcase classname="tests.test_rooms_json_contract.TestGetRoomAnchorsThreadSafety" name="test_get_room_ids_returns_independent_copy" time="0.001" /><testcase classname="tests.test_rooms_json_contract.TestGetRoomAnchorsThreadSafety" name="test_get_room_anchors_returns_independent_copy" time="0.000" /><testcase classname="tests.test_routes_contract.TestAddRoomRoute" name="test_missing_api_key_returns_401_with_missing_key_error" time="0.011" /><testcase classname="tests.test_routes_contract.TestAddRoomRoute" name="test_wrong_api_key_returns_401_with_invalid_error" time="0.003" /><testcase classname="tests.test_routes_contract.TestAddRoomRoute" name="test_missing_room_id_returns_400" time="0.002" /><testcase classname="tests.test_routes_contract.TestAddRoomRoute" name="test_non_integer_room_id_returns_400" time="0.002" /><testcase classname="tests.test_routes_contract.TestAddRoomRoute" name="test_negative_room_id_returns_400" time="0.002" /><testcase classname="tests.test_routes_contract.TestAddRoomRoute" name="test_missing_room_anchors_returns_400" time="0.004" /><testcase classname="tests.test_routes_contract.TestAddRoomRoute" name="test_empty_room_anchors_returns_400" time="0.002" /><testcase classname="tests.test_routes_contract.TestAddRoomRoute" name="test_bearer_token_is_accepted_authentication" time="0.002" /><testcase classname="tests.test_routes_contract.TestAddRoomRoute" name="test_body_api_key_is_accepted" time="0.003" /><testcase classname="tests.test_routes_contract.TestAddRoomRoute" name="test_success_shape_from_add_room_async" time="0.003" /><testcase classname="tests.test_routes_contract.TestAddRoomRoute" name="test_conflict_returns_409_from_add_room_async" time="0.002" /><testcase classname="tests.test_routes_contract.TestDeleteRoomRoute" name="test_missing_api_key_returns_401" time="0.004" /><testcase classname="tests.test_routes_contract.TestDeleteRoomRoute" name="test_wrong_api_key_returns_401" time="0.004" /><testcase classname="tests.test_routes_contract.TestDeleteRoomRoute" name="test_missing_room_id_returns_400" time="0.002" /><testcase classname="tests.test_routes_contract.TestDeleteRoomRoute" name="test_success_returns_200_shape" time="0.002" /><testcase classname="tests.test_routes_contract.TestDeleteRoomRoute" name="test_not_found_returns_404" time="0.003" /><testcase classname="tests.test_routes_contract.TestGiftCurrentMonthRoute" name="test_empty_rooms_returns_empty_list" time="0.004" /><testcase classname="tests.test_routes_contract.TestGiftCurrentMonthRoute" name="test_one_room_returns_frozen_key_set_including_current_concurrency" time="0.003" /><testcase classname="tests.test_routes_contract.TestGiftByMonthRoute" name="test_current_month_shape_matches_gift" time="0.004" /><testcase classname="tests.test_routes_contract.TestGiftByMonthRoute" name="test_historical_month_uses_placeholder_live_time_and_null_metrics" time="0.003" /><testcase classname="tests.test_routes_contract.TestGiftLiveSessionsRoute" name="test_missing_room_id_defaults_to_zero_and_returns_400" time="0.004" /><testcase classname="tests.test_routes_contract.TestGiftLiveSessionsRoute" name="test_non_integer_room_id_returns_400" time="0.004" /><testcase classname="tests.test_routes_contract.TestGiftLiveSessionsRoute" name="test_negative_room_id_returns_400" time="0.003" /><testcase classname="tests.test_routes_contract.TestGiftLiveSessionsRoute" name="test_current_month_empty_returns_wrapper_with_empty_sessions" time="0.003" /><testcase classname="tests.test_routes_contract.TestGiftLiveSessionsRoute" name="test_historical_month_falls_back_when_archive_table_missing" time="0.002" /><testcase classname="tests.test_routes_contract.TestGiftAttentionRoute" name="test_missing_room_id_returns_400" time="0.004" /><testcase classname="tests.test_routes_contract.TestGiftAttentionRoute" name="test_bad_room_id_returns_400" time="0.003" /><testcase classname="tests.test_routes_contract.TestGiftAttentionRoute" name="test_bad_month_format_returns_400" time="0.002" /><testcase classname="tests.test_routes_contract.TestGiftAttentionRoute" name="test_current_month_empty_returns_wrapper" time="0.002" /><testcase classname="tests.test_routes_contract.TestGiftAttentionRoute" name="test_yyyy_dash_mm_normalises_to_yyyymm" time="0.003" /><testcase classname="tests.test_routes_contract.TestGiftScRoute" name="test_missing_room_id_returns_400_必填" time="0.005" /><testcase classname="tests.test_routes_contract.TestGiftScRoute" name="test_bad_room_id_returns_400_无效" time="0.002" /><testcase classname="tests.test_routes_contract.TestGiftScRoute" name="test_negative_room_id_returns_400_正整数" time="0.002" /><testcase classname="tests.test_routes_contract.TestGiftScRoute" name="test_bad_month_returns_400_格式不正确" time="0.003" /><testcase classname="tests.test_routes_contract.TestGiftScRoute" name="test_current_month_empty_returns_wrapper_with_list_key" time="0.003" /><testcase classname="tests.test_routes_contract.TestGiftScRoute" name="test_historical_month_falls_back_when_archive_missing" time="0.003" /><testcase classname="tests.test_schema_contract.TestSchemaTablesAndColumns" name="test_metadata_contains_exactly_the_seven_tables" time="0.000" /><testcase classname="tests.test_schema_contract.TestSchemaTablesAndColumns" name="test_room_info_columns" time="0.000" /><testcase classname="tests.test_schema_contract.TestSchemaTablesAndColumns" name="test_attention_columns_and_indexes" time="0.000" /><testcase classname="tests.test_schema_contract.TestSchemaTablesAndColumns" name="test_room_stats_monthly_columns_and_indexes" time="0.000" /><testcase classname="tests.test_schema_contract.TestSchemaTablesAndColumns" name="test_room_blind_box_monthly_has_autoincrement_id" time="0.000" /><testcase classname="tests.test_schema_contract.TestSchemaTablesAndColumns" name="test_room_live_stats_columns_pk_indexes" time="0.000" /><testcase classname="tests.test_schema_contract.TestSchemaTablesAndColumns" name="test_live_session_columns_and_indexes" time="0.000" /><testcase classname="tests.test_schema_contract.TestSchemaTablesAndColumns" name="test_super_chat_log_columns_and_indexes" time="0.000" /><testcase classname="tests.test_utils_contract.TestMonthHelpers" name="test_month_str_from_datetime_returns_yyyymm" time="0.000" /><testcase classname="tests.test_utils_contract.TestMonthHelpers" name="test_month_str_default_is_now_in_yyyymm" time="0.000" /><testcase classname="tests.test_utils_contract.TestMonthHelpers" name="test_month_range_january_boundary" time="0.000" /><testcase classname="tests.test_utils_contract.TestMonthHelpers" name="test_month_range_december_wraps_to_next_year" time="0.000" /><testcase classname="tests.test_utils_contract.TestMonthHelpers" name="test_normalize_month_code_accepts_both_formats[202601-202601]" time="0.001" /><testcase classname="tests.test_utils_contract.TestMonthHelpers" name="test_normalize_month_code_accepts_both_formats[2026-01-202601]" time="0.000" /><testcase classname="tests.test_utils_contract.TestMonthHelpers" name="test_normalize_month_code_accepts_both_formats[202612-202612]" time="0.000" /><testcase classname="tests.test_utils_contract.TestMonthHelpers" name="test_normalize_month_code_accepts_both_formats[2026-12-202612]" time="0.000" /><testcase classname="tests.test_utils_contract.TestMonthHelpers" name="test_normalize_month_code_rejects_malformed_input[]" time="0.000" /><testcase classname="tests.test_utils_contract.TestMonthHelpers" name="test_normalize_month_code_rejects_malformed_input[None]" time="0.000" /><testcase classname="tests.test_utils_contract.TestMonthHelpers" name="test_normalize_month_code_rejects_malformed_input[2026]" time="0.000" /><testcase classname="tests.test_utils_contract.TestMonthHelpers" name="test_normalize_month_code_rejects_malformed_input[20261]" time="0.000" /><testcase classname="tests.test_utils_contract.TestMonthHelpers" name="test_normalize_month_code_rejects_malformed_input[2026013]" time="0.000" /><testcase classname="tests.test_utils_contract.TestMonthHelpers" name="test_normalize_month_code_rejects_malformed_input[2026-1]" time="0.000" /><testcase classname="tests.test_utils_contract.TestMonthHelpers" name="test_normalize_month_code_rejects_malformed_input[2026-013]" time="0.000" /><testcase classname="tests.test_utils_contract.TestMonthHelpers" name="test_normalize_month_code_rejects_malformed_input[abcdef]" time="0.000" /><testcase classname="tests.test_utils_contract.TestMonthHelpers" name="test_normalize_month_code_rejects_malformed_input[202600]" time="0.000" /><testcase classname="tests.test_utils_contract.TestMonthHelpers" name="test_normalize_month_code_rejects_malformed_input[202613]" time="0.000" /><testcase classname="tests.test_utils_contract.TestMonthHelpers" name="test_normalize_month_code_rejects_malformed_input[2026-00]" time="0.000" /><testcase classname="tests.test_utils_contract.TestMonthHelpers" name="test_normalize_month_code_rejects_malformed_input[2026-13]" time="0.000" /><testcase classname="tests.test_utils_contract.TestMonthHelpers" name="test_is_current_month_matches_month_str_today" time="0.000" /><testcase classname="tests.test_utils_contract.TestArchiveTableNaming" name="test_super_chat_log_suffix_format" time="0.000" /><testcase classname="tests.test_utils_contract.TestArchiveTableNaming" name="test_live_session_suffix_format" time="0.000" /><testcase classname="tests.test_utils_contract.TestArchiveTableNaming" name="test_room_live_stats_suffix_format" time="0.000" /><testcase classname="tests.test_utils_contract.TestArchiveTableNaming" name="test_attention_suffix_format" time="0.000" /><testcase classname="tests.test_utils_contract.TestSecondsFormatting" name="test_seconds_to_hms_zero" time="0.000" /><testcase classname="tests.test_utils_contract.TestSecondsFormatting" name="test_seconds_to_hms_single_hour" time="0.000" /><testcase classname="tests.test_utils_contract.TestSecondsFormatting" name="test_seconds_to_hms_mixed" time="0.000" /><testcase classname="tests.test_utils_contract.TestSecondsFormatting" name="test_seconds_to_hms_two_digit_hours" time="0.000" /><testcase classname="tests.test_utils_contract.TestProfitConversions" name="test_profit_to_tenths_rounds_half_up" time="0.000" /><testcase classname="tests.test_utils_contract.TestProfitConversions" name="test_profit_to_tenths_negative_result_when_coin_exceeds_price" time="0.000" /><testcase classname="tests.test_utils_contract.TestProfitConversions" name="test_profit_to_tenths_zero" time="0.000" /><testcase classname="tests.test_utils_contract.TestProfitConversions" name="test_profit_display_none_returns_zero_float" time="0.000" /><testcase classname="tests.test_utils_contract.TestProfitConversions" name="test_profit_display_int_treated_as_tenths" time="0.000" /><testcase classname="tests.test_utils_contract.TestProfitConversions" name="test_profit_display_float_passes_through_with_half_up" time="0.000" /><testcase classname="tests.test_utils_contract.TestRoomAnchorHelpers" name="test_get_room_ids_returns_a_copy" time="0.000" /><testcase classname="tests.test_utils_contract.TestRoomAnchorHelpers" name="test_get_room_anchors_returns_a_copy" time="0.000" /><testcase classname="tests.test_utils_contract.TestRoomAnchorHelpers" name="test_get_room_anchor_name_falls_back_to_empty_string" time="0.000" /><testcase classname="tests.test_utils_contract.TestRoomAnchorHelpers" name="test_get_room_anchor_name_returns_configured_value" time="0.000" /></testsuite></testsuites>